    0.0001 5.4034e+05 2.2971e+06     9155.5     0.014646924     0.012706729   -0.0030278682    0.0010701187   0.00090517197 
    4.0803 5.4035e+05 2.2973e+06     9153.9     0.014655968     0.012555325    -0.010187092    0.0012707773    0.0013943175 
     8.007 5.4037e+05 2.2975e+06       9154     0.014654803     0.012560177     -0.01579797    0.0011112821   0.00063589737 
    12.004 5.4035e+05 2.2974e+06     9153.7     0.014652678     0.012646635      -0.0185855    0.0010562135   -0.0016741614 
    16.034 5.4029e+05 2.2971e+06     9153.1     0.014649785     0.012687787    -0.020368829    0.0010451436   -0.0037697824 
    20.045 5.4019e+05 2.2968e+06     9152.1     0.014646527     0.012671766    -0.021341699     0.001077859   -0.0054971421 
    24.008 5.4007e+05 2.2963e+06     9150.8     0.014643293     0.012640347    -0.021581684    0.0012064544   -0.0061623037 
    28.011 5.3992e+05 2.2956e+06     9149.2     0.014640142     0.012605875    -0.021193039    0.0012283826   -0.0054856402 
    32.024 5.3975e+05 2.2949e+06     9147.4      0.01463741      0.01257185    -0.019324367   0.00081109529   -0.0049319458 
     36.01 5.3955e+05 2.2941e+06     9145.3     0.014635016     0.012528062    -0.018800444   0.00047371632   -0.0047243831 
    40.044 5.3932e+05 2.2931e+06       9143     0.014632731      0.01247805    -0.017523291   0.00029489039   -0.0043689564 
    44.044 5.3906e+05  2.292e+06     9140.4     0.014630508     0.012432656    -0.016390473   0.00036991056   -0.0040175941 
    48.013 5.3877e+05 2.2908e+06     9137.6     0.014628246     0.012408505    -0.016392451   0.00037894975   -0.0046548724 
    52.003 5.3845e+05 2.2895e+06     9134.5     0.014625926     0.012411047    -0.017684551    0.0005894543   -0.0061968995 
    56.024  5.381e+05  2.288e+06     9131.1     0.014623846     0.012444301     -0.01757238   0.00060665501   -0.0066863806 
    60.051 5.3773e+05 2.2864e+06     9127.5     0.014621775     0.012520093    -0.016597917   0.00066310371   -0.0060007435 
    64.048 5.3734e+05 2.2847e+06     9123.7     0.014619574     0.012605234    -0.015389778   0.00052877715   -0.0049954397 
    68.046 5.3693e+05  2.283e+06     9119.8     0.014617116     0.012671008    -0.014491618    0.0003712231   -0.0041549237 
     72.03  5.365e+05 2.2812e+06     9115.6     0.014614559     0.012692529    -0.013761146   0.00033306317   -0.0036344814 
    76.041 5.3605e+05 2.2792e+06     9111.2      0.01461202     0.012677548    -0.013143665   0.00024440246    -0.003032195 
    80.043 5.3557e+05 2.2772e+06     9106.6     0.014609626     0.012666835    -0.012601302   9.8678969e-05   -0.0025414387 
    84.014 5.3508e+05 2.2751e+06     9101.8     0.014607403     0.012691247    -0.012080355  -0.00012932122   -0.0020138659 
    88.044 5.3456e+05 2.2729e+06     9096.8      0.01460509     0.012766625    -0.011687098   -0.0002517264  -0.00088265331 
    92.041 5.3403e+05 2.2706e+06     9091.6     0.014602565     0.012837077    -0.013055592   0.00028209648  -0.00022061526 
    96.002 5.3348e+05 2.2683e+06     9086.2     0.014599958     0.012865787    -0.022656506    0.0031257218    -0.012131091 
    100.01  5.329e+05 2.2658e+06     9080.6     0.014597318     0.012849034    -0.033892335    0.0045886658    -0.038519601 
    104.01  5.323e+05 2.2632e+06     9074.8      0.01459457     0.012789128    -0.047297047    0.0065401645    -0.067867595 
    108.05 5.3167e+05 2.2606e+06     9068.8     0.014591822     0.012700138    -0.051884534    0.0064645633    -0.082228881 
    112.02 5.3104e+05 2.2579e+06     9062.7     0.014589315      0.01261177    -0.050498739    0.0056596569    -0.083470949 
    116.04 5.3039e+05 2.2551e+06     9056.5     0.014587005     0.012539662    -0.049398735    0.0051377427    -0.082851393 
    120.04 5.2974e+05 2.2523e+06     9050.2     0.014584746     0.012499634    -0.049539781     0.004984446    -0.083745372 
    124.04 5.2907e+05 2.2494e+06     9043.8      0.01458238     0.012495215    -0.051034714    0.0049814633    -0.087960184 
    128.03  5.284e+05 2.2465e+06     9037.4     0.014579897     0.012519825    -0.053441368    0.0051949454    -0.093922323 
    132.02 5.2772e+05 2.2436e+06     9030.9     0.014577273     0.012556173    -0.056381078    0.0054671579     -0.10112649 
    136.04 5.2704e+05 2.2407e+06     9024.3     0.014574492     0.012592354    -0.060165494    0.0059170924     -0.10980133 
    140.02 5.2636e+05 2.2378e+06     9017.9     0.014571759     0.012615854    -0.064529389    0.0065418625     -0.11919318 
    144.04 5.2567e+05 2.2348e+06     9011.3      0.01456903     0.012616169    -0.068904756    0.0070897731     -0.12887282 
       148   5.25e+05 2.2319e+06     9004.9     0.014566177     0.012594192    -0.072482719    0.0074582079     -0.13750229 
    152.02 5.2432e+05  2.229e+06     8998.5     0.014563187     0.012550215    -0.075534442    0.0077124243     -0.14545228 
    156.03 5.2366e+05 2.2262e+06     8992.3      0.01456019     0.012492356    -0.078107101     0.007852698     -0.15268552 
    160.04 5.2301e+05 2.2234e+06     8986.1     0.014557151     0.012430184    -0.080846477    0.0080835694     -0.15981815 
    164.04 5.2237e+05 2.2206e+06     8980.1     0.014554043      0.01236961    -0.083858519    0.0083924403     -0.16712338 
    168.04 5.2174e+05 2.2179e+06     8974.2     0.014550848     0.012314806    -0.087206062    0.0087520005     -0.17488767 
    172.04 5.2112e+05 2.2153e+06     8968.5     0.014547544     0.012264146    -0.091055435    0.0091694131      -0.1835747 
    176.03  5.205e+05 2.2126e+06     8962.9     0.014544188     0.012215936    -0.095600769     0.009706353     -0.19358883 
    180.01  5.199e+05   2.21e+06     8957.3     0.014540718     0.012168269     -0.10004972     0.010191683     -0.20377238 
    184.03 5.1929e+05 2.2074e+06     8951.8     0.014537098     0.012118452     -0.10380432     0.010485816      -0.2133249 
       188 5.1869e+05 2.2048e+06     8946.4     0.014533396     0.012066305     -0.10671536     0.010704501     -0.22135139 
    192.02 5.1809e+05 2.2022e+06       8941     0.014529538     0.012008849     -0.10869432     0.010661841     -0.22819127 
    196.04  5.175e+05 2.1997e+06     8935.7     0.014525579     0.011945309     -0.11002194     0.010491742     -0.23382031 
    200.01 5.1691e+05 2.1971e+06     8930.5      0.01452155      0.01187722     -0.11106425      0.01036753     -0.23845399 
    204.04 5.1632e+05 2.1946e+06     8925.2     0.014517312     0.011805692     -0.11207722     0.010315122     -0.24258235 
    208.01 5.1573e+05 2.1921e+06       8920     0.014512857     0.011736016     -0.11331475     0.010274989     -0.24718216 
    212.03 5.1514e+05 2.1896e+06     8914.7       0.0145085     0.011669023     -0.11459914     0.010173676     -0.25213889 
    216.05 5.1455e+05  2.187e+06     8909.4     0.014504237      0.01160827     -0.11580299     0.010080576     -0.25667636 
    220.01 5.1397e+05 2.1845e+06     8904.1     0.014500127     0.011556436     -0.11783498     0.010221959     -0.26234087 
    224.03 5.1337e+05 2.1819e+06     8898.7     0.014496342     0.011513932     -0.11999818     0.010392463     -0.26842895 
       228 5.1277e+05 2.1794e+06     8893.3      0.01449246     0.011482221     -0.12201902      0.01049491     -0.27436437 
    232.03 5.1217e+05 2.1768e+06     8887.8     0.014488469     0.011458057     -0.12396611     0.010579957     -0.28006803 
    236.05 5.1155e+05 2.1742e+06     8882.1      0.01448423     0.011439011     -0.12584543     0.010649303     -0.28562263 
    240.02 5.1095e+05 2.1716e+06     8876.4     0.014480039     0.011425375     -0.12784443     0.010775914     -0.29106917 
    244.04 5.1034e+05  2.169e+06     8870.6     0.014475858     0.011413071     -0.12991349     0.010929438     -0.29644917 
       248 5.0974e+05 2.1664e+06     8864.8     0.014471735     0.011396374     -0.13186397     0.011068002     -0.30162583 
    252.02 5.0914e+05 2.1639e+06       8859      0.01446755     0.011368585     -0.13379568     0.011244617     -0.30669175 
    256.03 5.0856e+05 2.1614e+06     8853.2     0.014463412     0.011332401     -0.13561567     0.011408558     -0.31136179 
    260.05   5.08e+05  2.159e+06     8847.4     0.014459351     0.011294418     -0.13728837     0.011550659     -0.31563338 
    264.01 5.0745e+05 2.1567e+06     8841.7     0.014455369     0.011257848     -0.13890575     0.011704927     -0.31960602 
    268.02  5.069e+05 2.1544e+06       8836      0.01445132     0.011217928     -0.14042669     0.011854055     -0.32323806 
    272.02 5.0637e+05 2.1522e+06     8830.2     0.014447282     0.011169698     -0.14179716     0.011978647     -0.32648944 
    276.02 5.0584e+05   2.15e+06     8824.4       0.0144433     0.011117459      -0.1430144     0.012091631     -0.32931298 
    280.03 5.0531e+05 2.1478e+06     8818.6      0.01443957     0.011068277     -0.14403226      0.01217842     -0.33164257 
    284.02 5.0479e+05 2.1456e+06     8812.7     0.014436011     0.011026705     -0.14486017      0.01224489     -0.33355623 
    288.01 5.0427e+05 2.1434e+06     8806.8      0.01443256     0.010995305      -0.1454957     0.012284533     -0.33504896 
       292 5.0376e+05 2.1413e+06     8800.9     0.014429262       0.0109765      -0.1459113     0.012284906     -0.33610785 
    296.04 5.0324e+05 2.1392e+06     8794.8     0.014425966      0.01097281     -0.14639195     0.012283523     -0.33730567 
    300.02 5.0273e+05 2.1371e+06     8788.8     0.014422843     0.010985287     -0.14696088     0.012298943     -0.33874456 
    304.01 5.0223e+05  2.135e+06     8782.7     0.014419788     0.011011917     -0.14760387     0.012323088     -0.34040593 
       308 5.0173e+05 2.1329e+06     8776.7     0.014416775     0.011052158     -0.14818574     0.012348477     -0.34189581 
    312.04 5.0124e+05 2.1309e+06     8770.6     0.014413751     0.011104357     -0.14875085     0.012366569     -0.34340416 
    316.03 5.0075e+05 2.1289e+06     8764.6     0.014410711     0.011161977     -0.14926447     0.012361241     -0.34489331 
    320.02 5.0028e+05 2.1269e+06     8758.6     0.014407535     0.011223006     -0.14967616     0.012340461     -0.34619505 
    324.01 4.9981e+05  2.125e+06     8752.6      0.01440424     0.011282145      -0.1499903     0.012318252      -0.3472452 
    328.04 4.9935e+05 2.1231e+06     8746.6     0.014400789     0.011333976     -0.15012697     0.012288339     -0.34782877 
    332.02  4.989e+05 2.1213e+06     8740.8      0.01439759     0.011375231     -0.15014424     0.012261435     -0.34805403 
    336.01 4.9847e+05 2.1196e+06       8735     0.014394572     0.011402259     -0.14999534     0.012219213     -0.34790102 
    340.04 4.9805e+05 2.1179e+06     8729.4     0.014391459     0.011417106      -0.1497235     0.012152448     -0.34747262 
    344.03 4.9766e+05 2.1163e+06     8723.9     0.014388351     0.011423477     -0.14935633     0.012064703     -0.34672238 
    348.01 4.9728e+05 2.1148e+06     8718.6     0.014385264     0.011422869     -0.14893662     0.011972528       -0.345789 
    352.04 4.9691e+05 2.1133e+06     8713.3     0.014382196     0.011415896     -0.14846328     0.011893123     -0.34472768 
    356.02 4.9657e+05  2.112e+06     8708.3      0.01437917     0.011403269     -0.14802239      0.01183359     -0.34368186 
    360.05 4.9624e+05 2.1107e+06     8703.4     0.014376196     0.011387364     -0.14755481     0.011776875     -0.34257822 
    364.02 4.9594e+05 2.1095e+06     8698.7     0.014373431     0.011372104      -0.1470933     0.011704886     -0.34148205 
       368 4.9565e+05 2.1084e+06     8694.2     0.014370721      0.01136008     -0.14667477     0.011632837     -0.34053205 
    372.02 4.9539e+05 2.1074e+06     8689.9     0.014367875     0.011354779     -0.14629959     0.011538801      -0.3398079 
       376 4.9515e+05 2.1065e+06     8685.9     0.014364719     0.011355432     -0.14589522     0.011442862     -0.33916971 
    380.03 4.9494e+05 2.1057e+06     8682.1     0.014361456     0.011362666     -0.14546716     0.011351063      -0.3385576 
       384 4.9476e+05  2.105e+06     8678.6     0.014358278     0.011378528     -0.14511418     0.011290553     -0.33812496 
    388.03  4.946e+05 2.1044e+06     8675.3     0.014355036     0.011400985     -0.14483514     0.011239319     -0.33792787 
    392.01 4.9446e+05  2.104e+06     8672.3     0.014351866     0.011426483     -0.14456784     0.011190893      -0.3377962 
    396.03 4.9435e+05 2.1036e+06     8669.5      0.01434866     0.011454819     -0.14429144     0.011141448     -0.33764422 
    400.01 4.9426e+05 2.1033e+06     8666.9     0.014345457      0.01148367     -0.14403088     0.011086457     -0.33753029 
    404.04 4.9418e+05 2.1031e+06     8664.5     0.014342211      0.01150997     -0.14380412     0.011033879     -0.33748722 
    408.03 4.9411e+05 2.1029e+06     8662.2     0.014339023     0.011531006     -0.14368389     0.010997861     -0.33769459 
    412.01 4.9405e+05 2.1028e+06     8660.1     0.014335863     0.011545438     -0.14366316     0.010963007     -0.33807999 
    416.05 4.9398e+05 2.1026e+06     8657.9     0.014332748     0.011552312      -0.1437046      0.01094352     -0.33856266 
    420.03 4.9391e+05 2.1023e+06     8655.8     0.014329831     0.011551563     -0.14379653     0.010941668     -0.33908616 
    424.02 4.9382e+05 2.1021e+06     8653.7      0.01432708     0.011544197     -0.14383032     0.010943904      -0.3394322 
    428.01 4.9373e+05 2.1017e+06     8651.5     0.014324381     0.011531231     -0.14367509     0.010931491     -0.33941238 
    432.05 4.9362e+05 2.1013e+06     8649.2     0.014321699     0.011513258     -0.14341622     0.010906374     -0.33922065 
    436.04  4.935e+05 2.1009e+06     8646.8     0.014319142     0.011492053     -0.14308885     0.010856854     -0.33894711 
    440.03 4.9336e+05 2.1004e+06     8644.4     0.014316969     0.011468955     -0.14274498      0.01079068     -0.33863574 
    444.02 4.9322e+05 2.0998e+06       8642     0.014315091     0.011445053      -0.1423349     0.010716628     -0.33818002 
    448.01 4.9306e+05 2.0992e+06     8639.4     0.014313238     0.011421532     -0.14194379     0.010645242     -0.33770487 
    452.04  4.929e+05 2.0986e+06     8636.8     0.014311549     0.011398549     -0.14166301      0.01059944     -0.33741886 
    456.03 4.9273e+05 2.0979e+06     8634.1     0.014310218     0.011376965     -0.14154315     0.010575393     -0.33740984 
    460.02 4.9256e+05 2.0972e+06     8631.4     0.014309171     0.011357099     -0.14140661     0.010541126     -0.33738874 
    464.01 4.9237e+05 2.0965e+06     8628.6     0.014308329     0.011339447     -0.14134045     0.010509594     -0.33757997 
    468.04 4.9218e+05 2.0958e+06     8625.7     0.014307571     0.011323998     -0.14142672     0.010500801     -0.33807735 
    472.03 4.9198e+05  2.095e+06     8622.7     0.014306866     0.011311029     -0.14154452     0.010486555     -0.33867178 
    476.02 4.9176e+05 2.0941e+06     8619.6     0.014306306     0.011300447     -0.14168322     0.010467513     -0.33935305 
    480.01 4.9154e+05 2.0932e+06     8616.4      0.01430563     0.011293195     -0.14193663     0.010451306     -0.34025746 
    484.04 4.9129e+05 2.0922e+06     8612.9     0.014304382     0.011289825     -0.14236637     0.010440306     -0.34154289 
    488.03 4.9104e+05 2.0912e+06     8609.4     0.014302227     0.011289974     -0.14294733     0.010456324     -0.34324849 
    492.02 4.9077e+05 2.0901e+06     8605.8     0.014299138     0.011292017     -0.14368088     0.010490753     -0.34538831 
    496.01  4.905e+05  2.089e+06       8602     0.014295393     0.011293745     -0.14443581     0.010517172     -0.34766433 
    500.05 4.9022e+05 2.0879e+06       8598     0.014291509     0.011293708     -0.14533351     0.010558418     -0.35022896 
    504.04 4.8994e+05 2.0868e+06       8594     0.014287804     0.011289516     -0.14638499     0.010619745     -0.35310579 
    508.03 4.8965e+05 2.0856e+06     8589.9     0.014284291     0.011279169     -0.14756141     0.010693064     -0.35621338 
    512.02 4.8936e+05 2.0845e+06     8585.8     0.014281004     0.011262219     -0.14891613      0.01078413     -0.35968979 
    516.01 4.8908e+05 2.0834e+06     8581.5      0.01427778     0.011239974     -0.15042793     0.010878853     -0.36354495 
       520 4.8879e+05 2.0822e+06     8577.2     0.014274613     0.011214571     -0.15220874     0.011006792     -0.36799913 
    524.04 4.8851e+05 2.0811e+06     8572.8     0.014271315     0.011187771     -0.15433311     0.011173337     -0.37320196 
    528.03 4.8822e+05   2.08e+06     8568.4     0.014267522     0.011161706     -0.15653722     0.011334241      -0.3787228 
    532.01 4.8794e+05 2.0789e+06     8563.9     0.014263808      0.01113779     -0.15899279     0.011499014     -0.38485478 
    536.04 4.8766e+05 2.0778e+06     8559.3      0.01426007     0.011117213     -0.16162446     0.011647819     -0.39146406 
    540.01 4.8738e+05 2.0768e+06     8554.8     0.014256314      0.01110246     -0.16471584     0.011853436     -0.39888997 
    544.03 4.8709e+05 2.0757e+06     8550.1     0.014252293     0.011093984     -0.16892782     0.012220157      -0.4084232 
    548.05  4.868e+05 2.0745e+06     8545.3     0.014247859     0.011091728     -0.17396924     0.012651386     -0.41942374 
    552.02 4.8652e+05 2.0734e+06     8540.6     0.014243129     0.011094322     -0.17931545     0.013114493     -0.43064253 
    556.03 4.8623e+05 2.0723e+06     8535.7     0.014238282     0.011100702      -0.1852081     0.013812257     -0.44248845 
    560.01 4.8594e+05 2.0712e+06     8530.8     0.014233546     0.011109941     -0.18712835      0.01396489     -0.44709125 
    564.03 4.8564e+05 2.0701e+06     8525.9      0.01422872     0.011123708     -0.18663355     0.014062436     -0.44700009 
       568 4.8535e+05  2.069e+06       8521     0.014223743      0.01114202     -0.18240765     0.013438416     -0.44004677 
    572.03 4.8506e+05 2.0679e+06       8516     0.014218532     0.011163615     -0.17807631     0.012881519     -0.43208275 
    576.04 4.8476e+05 2.0667e+06     8510.9     0.014213292     0.011185491     -0.17510644     0.012601335     -0.42615495 
    580.04 4.8447e+05 2.0656e+06     8505.9     0.014207827     0.011204413      -0.1719458     0.012311246     -0.41946458 
    584.04 4.8417e+05 2.0645e+06     8500.7     0.014202089      0.01121859     -0.16874656     0.012024027     -0.41233001 
       588 4.8388e+05 2.0634e+06     8495.7     0.014196188     0.011227419     -0.16638007     0.011889908     -0.40669996 
    592.02 4.8359e+05 2.0623e+06     8490.5     0.014189947     0.011233371     -0.16418011     0.011724609     -0.40132963 
    596.04 4.8329e+05 2.0612e+06     8485.2     0.014183424     0.011237491     -0.16188372     0.011493416      -0.3961061 
    600.02   4.83e+05 2.0601e+06       8480     0.014176693     0.011240887       -0.159592     0.011256872     -0.39095352 
    604.01 4.8271e+05  2.059e+06     8474.7     0.014169681     0.011243616     -0.15776024     0.011090184     -0.38668711 
    608.04 4.8241e+05 2.0579e+06     8469.3     0.014162337     0.011245057     -0.15647251     0.010952261     -0.38368301 
    612.03 4.8212e+05 2.0568e+06     8463.9     0.014154701     0.011244073     -0.15544877     0.010866707     -0.38126161 
    616.02 4.8182e+05 2.0557e+06     8458.4     0.014146567      0.01124522     -0.15462314      0.01077998     -0.37930762 
    620.01 4.8153e+05 2.0546e+06       8453     0.014137871     0.011247408       -0.153762      0.01065849      -0.3775571 
    624.04 4.8124e+05 2.0535e+06     8447.4     0.014128377     0.011250769     -0.15306204     0.010580632     -0.37605294 
    628.01 4.8095e+05 2.0524e+06     8441.9     0.014118194     0.011241468     -0.15283928     0.010593376     -0.37555917 
    632.02 4.8067e+05 2.0514e+06     8436.3     0.014106946     0.011222941      -0.1522059     0.010543021     -0.37432611 
    636.04 4.8038e+05 2.0503e+06     8430.7     0.014094668     0.011204202     -0.15114934     0.010398321     -0.37222133 
    640.02  4.801e+05 2.0493e+06     8425.1     0.014081524     0.011186082     -0.15040275     0.010346542     -0.37057018 
       644 4.7982e+05 2.0483e+06     8419.4     0.014067284     0.011172982     -0.14967669     0.010296444      -0.3688139 
    648.03 4.7954e+05 2.0473e+06     8413.7     0.014051809     0.011175862      -0.1489036     0.010195889     -0.36721543 
    652.01 4.7927e+05 2.0463e+06       8408     0.014035528     0.011183475     -0.14858879     0.010133591     -0.36666616 
    656.04 4.7898e+05 2.0452e+06     8402.2     0.014017881     0.011189176     -0.14831204     0.010099838     -0.36621859 
    660.02  4.787e+05 2.0442e+06     8396.3     0.013999298     0.011191126     -0.14817637       0.0100614     -0.36605586 
       664 4.7842e+05 2.0432e+06     8390.4     0.013979806     0.011189521     -0.14814981     0.010028355     -0.36614316 
    668.03 4.7814e+05 2.0422e+06     8384.4     0.013959139     0.011189875     -0.14813288     0.009994194     -0.36623868 
    672.01 4.7786e+05 2.0412e+06     8378.4     0.013937733     0.011192865     -0.14814246    0.0099627148     -0.36627755 
    676.03 4.7759e+05 2.0402e+06     8372.3     0.013915482     0.011191407     -0.14829781    0.0099607648     -0.36667928 
    680.01 4.7732e+05 2.0392e+06     8366.2     0.013893673     0.011183639     -0.14856223    0.0099956494     -0.36721648 
    684.04 4.7705e+05 2.0383e+06       8360     0.013872548     0.011166032     -0.14920073     0.010031537     -0.36873178 
    688.02 4.7679e+05 2.0374e+06     8353.9     0.013853129     0.011137207     -0.15060224     0.010137883      -0.3720825 
    692.05 4.7653e+05 2.0365e+06     8347.6     0.013836724     0.011100222     -0.15266757     0.010284015     -0.37711122 
    696.02 4.7627e+05 2.0356e+06     8341.4     0.013825727     0.011054531     -0.15598999      0.01052497     -0.38530576 
    700.05 4.7601e+05 2.0347e+06       8335     0.013822151     0.011005116     -0.16031539     0.010781426     -0.39634386 
    704.03 4.7575e+05 2.0338e+06     8328.6     0.013828336     0.010969125     -0.16519846     0.010991542     -0.40934477 
    708.02 4.7549e+05 2.0329e+06     8322.2      0.01384656     0.010945117      -0.1711244     0.011253475     -0.42512984 
       712 4.7523e+05 2.0319e+06     8315.7     0.013878141     0.010921164     -0.17788971     0.011790176      -0.4423568 
    716.04 4.7495e+05  2.031e+06     8309.1     0.013921925     0.010892445     -0.18493583     0.012294609     -0.46025649 
    720.03 4.7468e+05   2.03e+06     8302.5     0.013980493     0.010864831     -0.19338531     0.013090966     -0.48045891 
    724.01 4.7441e+05 2.0291e+06     8295.9     0.014055852     0.010836295     -0.20204492     0.013991214     -0.50059868 
    728.01 4.7412e+05 2.0281e+06     8289.1     0.014149346     0.010806698     -0.20723371      0.01457067     -0.51336372 
    732.05 4.7383e+05  2.027e+06     8282.2     0.014260913     0.010772903     -0.20887696     0.014680335     -0.51916511 
    736.04 4.7352e+05 2.0259e+06     8275.3      0.01437915     0.010740708      -0.2082849      0.01446539     -0.52052819 
    740.02 4.7321e+05 2.0247e+06     8268.3     0.014504817      0.01070694     -0.20689465        0.014214     -0.51972404 
    744.01 4.7288e+05 2.0235e+06     8261.2     0.014636729     0.010657403     -0.20532978     0.013982769     -0.51816456 
    748.05 4.7253e+05 2.0222e+06     8253.9     0.014775021     0.010587147     -0.20343922     0.013787802     -0.51537672 
    752.03 4.7218e+05 2.0209e+06     8246.6     0.014915094     0.010528171     -0.20153011     0.013640316     -0.51189774 
    756.02 4.7181e+05 2.0195e+06     8239.2     0.015057778     0.010479671     -0.19990003      0.01349813     -0.50890278 
    760.01 4.7143e+05 2.0181e+06     8231.8     0.015199785     0.010425537     -0.19878678     0.013359328     -0.50713118 
    764.01 4.7104e+05 2.0165e+06     8224.2     0.015339843     0.010357169     -0.19827716     0.013256905     -0.50677744 
    768.01 4.7063e+05  2.015e+06     8216.5      0.01548015     0.010295132     -0.19793927     0.013208434     -0.50663143 
    772.01 4.7022e+05 2.0134e+06     8208.6     0.015620535     0.010204715     -0.19736487     0.013227735      -0.5056147 
    776.02 4.6979e+05 2.0117e+06     8200.7     0.015757043     0.010109583     -0.19634637     0.013234591      -0.5031307 
    780.01 4.6935e+05   2.01e+06     8192.7     0.015882235     0.010007531     -0.19416797     0.013047217     -0.49762315 
    784.04 4.6891e+05 2.0083e+06     8184.6     0.015995941    0.0098943033     -0.19148921     0.012768764     -0.49094523 
    788.03 4.6846e+05 2.0065e+06     8176.4     0.016096473    0.0097944345     -0.18914008      0.01258988     -0.48483728 
    792.01 4.6799e+05 2.0047e+06     8168.1     0.016186853    0.0097139894     -0.18618402     0.012438285     -0.47678673 
    796.04 4.6752e+05 2.0028e+06     8159.6     0.016267387    0.0096296877     -0.18193419     0.012197868     -0.46532495 
    800.03 4.6704e+05 2.0009e+06     8151.2     0.016334193    0.0095414018      -0.1770402     0.011860342     -0.45232331 
    804.01 4.6656e+05  1.999e+06     8142.6     0.016386385    0.0094581605     -0.17235128     0.011479717     -0.44009383 
    808.03 4.6608e+05 1.9971e+06       8134      0.01642527    0.0093837934     -0.16811503     0.011166746     -0.42883744 
    812.03  4.656e+05 1.9952e+06     8125.3     0.016452433    0.0093197871     -0.16376323     0.010877063     -0.41722212 
    816.04 4.6513e+05 1.9933e+06     8116.5     0.016469903    0.0092662298      -0.1589518     0.010515609     -0.40463975 
    820.04 4.6467e+05 1.9915e+06     8107.8     0.016480595    0.0092228113     -0.15363736    0.0098284122     -0.39255657 
    824.03 4.6422e+05 1.9898e+06       8099      0.01648666    0.0091876007     -0.15048604    0.0089534881     -0.38935771 
    828.03 4.6378e+05  1.988e+06     8090.3     0.016489796    0.0091535088     -0.15865974    0.0082183402     -0.42101653 
    832.03 4.6334e+05 1.9863e+06     8081.4     0.016489786    0.0091183587      -0.2200615    0.0098524113     -0.61083809 
    836.02 4.6291e+05 1.9846e+06     8072.5     0.016486043    0.0090838112     -0.44127772     0.018704555      -1.2621441 
    840.02 4.6247e+05 1.9829e+06     8063.6     0.016480715    0.0090521483     -0.82088087     0.055204866      -2.2438729 
    844.02 4.6202e+05 1.9811e+06     8054.5     0.016475746    0.0090182063      -1.0107401      0.10238883      -2.5745469 
    848.02 4.6155e+05 1.9792e+06     8045.3     0.016473044    0.0089775521     -0.89808562     0.094664845      -2.2559888 
    852.03 4.6106e+05 1.9773e+06     8036.3     0.016469886    0.0089378439      -0.7002274     0.065333767       -1.795975 
    856.04 4.6056e+05 1.9752e+06     8027.3     0.016469551     0.008902251     -0.58890804     0.050694736      -1.5321234 
       860 4.6005e+05 1.9732e+06     8018.4     0.016470093    0.0088665309     -0.52327786     0.042876053       -1.371941 
    864.04 4.5951e+05 1.9709e+06     8009.3     0.016472509    0.0088416945     -0.48072172      0.03837293      -1.2645589 
    868.03 4.5896e+05 1.9687e+06     8000.1     0.016480008    0.0088287108     -0.44944618     0.035215517      -1.1841448 
    872.01 4.5839e+05 1.9663e+06     7990.9     0.016490228    0.0088069565     -0.42205571     0.032508978       -1.114035 
    876.04  4.578e+05 1.9638e+06     7981.4     0.016500461    0.0087828064     -0.40014361     0.030509512      -1.0570794 
    880.02 4.5719e+05 1.9613e+06     7971.9     0.016513196     0.008764293      -0.3816354     0.028918887      -1.0086181 
    884.01 4.5657e+05 1.9587e+06     7962.3      0.01652808    0.0087519856     -0.36848328     0.027874052     -0.97382609 
    888.01 4.5595e+05 1.9561e+06     7952.6     0.016546498    0.0087497024     -0.35942237     0.027215514     -0.94975781 
       892 4.5531e+05 1.9534e+06     7942.8     0.016569366    0.0087530395      -0.3522368     0.026747782     -0.93029338 
    896.05 4.5466e+05 1.9506e+06     7932.8     0.016593658    0.0087508951     -0.34800589     0.026589373     -0.91799306 
    900.04   4.54e+05 1.9479e+06     7922.8     0.016616789     0.008739775     -0.34639974     0.026662704     -0.91252694 
    904.04 4.5334e+05 1.9451e+06     7912.7     0.016639669    0.0087224963     -0.34555345     0.026824249     -0.90913432 
    908.02 4.5266e+05 1.9422e+06     7902.5      0.01666157    0.0087069546      -0.3434311     0.026715105      -0.9027219 
    912.04 4.5196e+05 1.9393e+06       7892     0.016685088    0.0086959328     -0.34314358     0.026772423     -0.90109027 
    916.02 4.5124e+05 1.9363e+06     7881.4     0.016711287    0.0086901515     -0.34369081     0.026818676     -0.90173732 
    920.03  4.505e+05 1.9331e+06     7870.4     0.016740674    0.0086865449     -0.34504926     0.026943167     -0.90418782 
    924.04 4.4974e+05 1.9299e+06     7859.2     0.016768733    0.0086840131     -0.34726329     0.027076608     -0.90884604 
    928.04 4.4898e+05 1.9267e+06     7847.9     0.016791405    0.0086856225     -0.34956007     0.027226256     -0.91343519 
    932.03 4.4822e+05 1.9235e+06     7836.5     0.016809647    0.0086896844     -0.35187032     0.027437557     -0.91771554 
    936.02 4.4746e+05 1.9204e+06     7824.9     0.016827106     0.008691105     -0.35427705     0.027664954     -0.92205046 
    940.01 4.4672e+05 1.9173e+06     7813.4     0.016848736    0.0086888143     -0.35685536     0.027919824     -0.92661909 
    944.04 4.4598e+05 1.9143e+06     7801.7     0.016878242    0.0086768606     -0.35922007     0.028335153     -0.92991265 
    948.01 4.4526e+05 1.9113e+06     7790.2     0.016903789    0.0086439083     -0.35831608     0.028360886     -0.92452304 
    952.02 4.4454e+05 1.9084e+06     7778.6     0.016926568    0.0085903139     -0.35381378     0.027981083     -0.90942631 
    956.03 4.4383e+05 1.9055e+06     7767.1     0.016950408    0.0085247578     -0.34573471     0.027417658      -0.8845537 
    960.03 4.4313e+05 1.9026e+06     7755.8      0.01698044    0.0084491463     -0.33764916     0.026623559     -0.86126121 
    964.03 4.4243e+05 1.8997e+06     7744.6     0.017015384    0.0083644811     -0.33051167     0.025776014     -0.84138487 
    968.02 4.4173e+05 1.8969e+06     7733.6     0.017065058     0.008275561     -0.32440198     0.024977832     -0.82382019 
    972.01 4.4105e+05 1.8941e+06     7722.7     0.017108606    0.0081798337     -0.31596261     0.024204261     -0.79916392 
    976.03 4.4036e+05 1.8913e+06     7711.7      0.01714714    0.0080869986     -0.30791109      0.02361153     -0.77573681 
    980.01 4.3968e+05 1.8886e+06     7701.1     0.017230957    0.0080204078      -0.2996394     0.022940592     -0.75210592 
    984.04 4.3901e+05 1.8859e+06     7690.3     0.017347594    0.0079791754      -0.2908903     0.022427658      -0.7265036 
    988.02 4.3834e+05 1.8832e+06     7679.8     0.017446163       0.0079574     -0.28089595     0.021812761     -0.69825215 
    992.04 4.3767e+05 1.8805e+06     7669.2      0.01755355    0.0079537274     -0.26910349     0.021172766     -0.66560151 
    996.02 4.3702e+05 1.8779e+06     7658.8     0.017667372    0.0079599031     -0.25558326     0.020390435     -0.62891751 
      1000 4.3637e+05 1.8753e+06     7648.3     0.017784109    0.0079748428     -0.24399695     0.019834523     -0.59747816 
      1004 4.3575e+05 1.8729e+06       7638     0.017860397    0.0079716574     -0.23417898     0.019316718     -0.57133887 
      1008 4.3515e+05 1.8705e+06     7627.7     0.017962812    0.0079928977      -0.2258169      0.01877906      -0.5490494 
      1012 4.3456e+05 1.8682e+06     7617.3     0.018090454    0.0080495116     -0.21757635     0.018185796     -0.52736285 
      1016 4.3398e+05 1.8659e+06       7607     0.018236538    0.0081268915     -0.21177233     0.017764177     -0.51255453 
      1020 4.3339e+05 1.8635e+06     7596.6     0.018388167    0.0081997398     -0.20769679     0.017556034      -0.5019055 
      1024 4.3276e+05  1.861e+06     7586.1     0.018507375    0.0082768004     -0.20391003     0.017354698     -0.49241033 
      1028  4.321e+05 1.8583e+06     7575.2     0.018637847    0.0083636303     -0.19981217     0.017208241      -0.4820136 
      1032 4.3138e+05 1.8554e+06       7564       0.0187663    0.0084557036     -0.19451127     0.016986598     -0.46857832 
      1036 4.3061e+05 1.8522e+06     7552.5     0.018895078    0.0085493025     -0.18578087     0.016282955     -0.44650017 
      1040  4.298e+05 1.8488e+06     7540.7     0.019085616    0.0086676106      -0.1756477     0.015371482      -0.4213522 
      1044 4.2896e+05 1.8453e+06     7528.7     0.019305052    0.0087798649     -0.16475404     0.014392172     -0.39437239 
      1048  4.281e+05 1.8417e+06     7516.6     0.019475607    0.0088686591     -0.15407887     0.013493609     -0.36770275 
      1052 4.2725e+05 1.8381e+06     7504.6     0.019634166    0.0089400944     -0.14318466     0.012457853     -0.34076528 
      1056 4.2639e+05 1.8344e+06     7492.5     0.019786922    0.0089859682     -0.13309621     0.011423382     -0.31607477 
      1060 4.2554e+05 1.8309e+06     7480.5      0.01993009    0.0090310075     -0.12413922     0.010501631     -0.29393994 
      1064 4.2469e+05 1.8273e+06     7468.6     0.020067173    0.0090772467     -0.11542502    0.0096160412     -0.27218802 
      1068 4.2384e+05 1.8237e+06     7456.7     0.020169475      0.00911513     -0.10690977    0.0087620178     -0.25049009 
      1072 4.2298e+05 1.8201e+06     7444.9     0.020248506    0.0091432514    -0.098911219    0.0079846658     -0.22956468 
      1076  4.221e+05 1.8163e+06       7433     0.020303002    0.0091500388    -0.091566866    0.0072522069     -0.20984425 
      1080 4.2119e+05 1.8124e+06     7420.9     0.020348023    0.0091526791    -0.084694062    0.0065217753     -0.19148848 
      1084 4.2026e+05 1.8083e+06     7408.8     0.020376817     0.009158475    -0.078408941    0.0058683312     -0.17472456 
      1088 4.1929e+05 1.8041e+06     7396.4     0.020414181    0.0091726324    -0.072832363    0.0053372684     -0.15940945 
      1092 4.1829e+05 1.7998e+06       7384     0.020472224     0.009211225    -0.067897993    0.0048545975      -0.1459049 
      1096 4.1727e+05 1.7953e+06     7371.6     0.020549238    0.0092781808     -0.06323428    0.0043869159     -0.13352319 
      1100 4.1623e+05 1.7907e+06     7359.1     0.020626752    0.0093803267    -0.059390757    0.0039579378     -0.12332023 
      1104 4.1515e+05 1.7859e+06     7346.4     0.020716975    0.0095270742    -0.056418244    0.0035216316        -0.11565 
      1108 4.1406e+05 1.7811e+06     7333.8     0.020803704    0.0096909588    -0.055506229    0.0032007553     -0.11401598 
      1112 4.1292e+05  1.776e+06     7321.1     0.020910031    0.0098322804    -0.062121619    0.0038265705     -0.13343788 
      1116 4.1177e+05 1.7709e+06     7308.5     0.021018343    0.0099292954    -0.083608861    0.0050937737     -0.19671192 
      1120 4.1058e+05 1.7656e+06     7295.8     0.021123688     0.009993621     -0.12240799    0.0056489469     -0.31740427 
      1124 4.0936e+05 1.7602e+06     7283.1     0.021235596     0.010031018     -0.19885983    0.0054779468      -0.5608781 
      1128 4.0812e+05 1.7546e+06     7270.2     0.021342202     0.010042139     -0.37159306     0.007262797      -1.1014124 
      1132 4.0686e+05  1.749e+06     7257.2     0.021434138     0.010028015     -0.68975026     0.018839544      -2.0518361 
      1136 4.0559e+05 1.7433e+06     7243.9     0.021521023     0.009975003      -1.0331659     0.041997177      -3.0137474 
      1140 4.0432e+05 1.7376e+06     7230.5      0.02160923    0.0098876132      -1.2371162      0.06954257      -3.5146457 
      1144 4.0304e+05 1.7319e+06     7216.9     0.021688852    0.0098031146      -1.2919501     0.088269834      -3.5955989 
      1148  4.018e+05 1.7264e+06     7203.5     0.021756029    0.0097509145      -1.2036408     0.087472772      -3.3237456 
      1152 4.0058e+05 1.7209e+06     7190.1     0.021811855     0.009723466      -1.0786007     0.079610274      -2.9725748 
      1156  3.994e+05 1.7157e+06     7176.7     0.021856482    0.0097087148     -0.96132358     0.070861506      -2.6496628 
      1160 3.9826e+05 1.7106e+06     7163.4     0.021924552    0.0097322457     -0.86960593     0.064147069      -2.3959822 
      1164 3.9715e+05 1.7057e+06     7150.1     0.021982953    0.0097764094      -0.7930705     0.058464398      -2.1827023 
      1168 3.9608e+05  1.701e+06     7136.9     0.022049148    0.0098151171     -0.73421784     0.054382889      -2.0162348 
      1172 3.9504e+05 1.6964e+06     7123.6     0.022095636    0.0098215428      -0.6885556     0.051150771      -1.8853139 
      1176   3.94e+05 1.6919e+06     7110.1      0.02212711    0.0097918303     -0.65713548     0.048874543      -1.7922843 
      1180 3.9298e+05 1.6874e+06     7096.6     0.022143041    0.0097446086     -0.64069401     0.047494741      -1.7394686 
      1184 3.9194e+05 1.6829e+06     7082.8      0.02214649    0.0096816733     -0.63775785     0.047183989      -1.7235732 
      1188 3.9088e+05 1.6782e+06     7068.8     0.022159392     0.009638294     -0.63647811     0.046191451      -1.7153282 
      1192 3.8977e+05 1.6733e+06     7054.7      0.02218831    0.0096359848     -0.64406834     0.045601353      -1.7343973 
      1196 3.8858e+05 1.6681e+06     7040.1      0.02222908    0.0096542123     -0.65077417     0.045363886      -1.7514513 
      1200 3.8733e+05 1.6625e+06     7025.2     0.022268332    0.0096752349     -0.65861177     0.044794468      -1.7757718 
      1204 3.8598e+05 1.6565e+06     7009.5     0.022300911    0.0096898963     -0.66499298     0.044071478      -1.7966802 
      1208 3.8457e+05 1.6502e+06     6993.3     0.022330307    0.0097143221      -0.6684732     0.043676415      -1.8082963 
      1212 3.8307e+05 1.6435e+06     6976.4     0.022363933      0.00976437     -0.67067364     0.042661582      -1.8197708 
      1216 3.8155e+05 1.6368e+06     6959.2     0.022389515    0.0099024424     -0.67507631     0.041684748      -1.8377194 
      1220 3.7999e+05 1.6298e+06     6941.6     0.022420871     0.010091512     -0.68195227      0.04053224      -1.8628851 
      1224 3.7845e+05 1.6229e+06     6923.9      0.02243567     0.010253869     -0.68790696     0.039468054      -1.8859131 
      1228 3.7694e+05 1.6163e+06     6906.4     0.022457056     0.010318799     -0.69470573     0.039181689      -1.9107874 
      1232 3.7546e+05 1.6097e+06     6888.7     0.022478538     0.010285591     -0.70540614     0.039474176      -1.9447948 
      1236 3.7405e+05 1.6035e+06     6871.5     0.022478133     0.010207385     -0.70963459     0.038646813      -1.9630825 
      1240  3.727e+05 1.5976e+06     6854.5     0.022464993     0.010122602     -0.71682345     0.038326681      -1.9888145 
      1244 3.7139e+05 1.5919e+06     6837.7     0.022439714     0.010039739     -0.72331791     0.038211727      -2.0112522 
      1248 3.7013e+05 1.5864e+06     6821.2     0.022407789    0.0099749445     -0.72657728     0.037917452      -2.0244105 
      1252  3.689e+05 1.5811e+06     6804.8     0.022390236    0.0099251774     -0.72974181      0.03799651       -2.036159 
      1256 3.6773e+05  1.576e+06     6788.9     0.022371002    0.0098835375     -0.73620637     0.038206716      -2.0559569 
      1260 3.6659e+05 1.5711e+06       6773     0.022343414     0.009855416     -0.73853723     0.038390085      -2.0622626 
      1264 3.6551e+05 1.5664e+06     6757.4     0.022310607    0.0098371686     -0.73772276     0.038310437      -2.0588558 
      1268 3.6448e+05 1.5621e+06     6742.1     0.022277946     0.009812623     -0.73873522     0.038565643      -2.0597801 
      1272 3.6352e+05  1.558e+06     6727.3     0.022243747    0.0097788834     -0.74218361     0.039134882      -2.0671525 
      1276  3.626e+05 1.5541e+06     6712.6     0.022205767    0.0097338768     -0.74593156     0.039732003      -2.0751995 
      1280 3.6173e+05 1.5505e+06     6698.3     0.022171779    0.0096777876     -0.75170831     0.040445313      -2.0887874 
      1284 3.6086e+05 1.5468e+06       6684     0.022143475    0.0096150696     -0.75583412     0.040978277      -2.0978666 
      1288 3.6001e+05 1.5433e+06     6669.9     0.022121808    0.0095537522     -0.75896812      0.04151236      -2.1038118 
      1292 3.5918e+05 1.5398e+06     6656.2      0.02210147    0.0095007913     -0.76317466     0.042070988      -2.1127093 
      1296 3.5834e+05 1.5363e+06     6642.5     0.022082172     0.009454918     -0.76822355     0.042608324      -2.1242174 
      1300 3.5751e+05 1.5328e+06     6629.1     0.022063616    0.0094180992     -0.77467192     0.043280575      -2.1398211 
      1304 3.5664e+05 1.5291e+06     6615.4     0.022051088    0.0094026895     -0.77887103      0.04369624       -2.149561 
      1308 3.5571e+05 1.5252e+06     6601.6      0.02203843    0.0094055665     -0.78071921     0.043848656      -2.1531711 
      1312 3.5468e+05 1.5207e+06     6587.1     0.022035701    0.0094206865     -0.78300944     0.044005679      -2.1582156 
      1316 3.5356e+05 1.5158e+06     6572.2     0.022044519     0.009446001     -0.78457626     0.044086514      -2.1613659 
      1320 3.5234e+05 1.5105e+06     6556.6     0.022058783    0.0094829179     -0.78518669     0.044110919       -2.161511 
      1324 3.5105e+05 1.5048e+06     6540.5     0.022075432    0.0095208045     -0.78521308     0.044157603      -2.1600459 
      1328 3.4978e+05 1.4992e+06     6524.6     0.022100667    0.0095455098     -0.78318322     0.043855082      -2.1539115 
      1332 3.4854e+05 1.4938e+06     6508.9     0.022127459    0.0095572219     -0.78138148      0.04358701      -2.1486958 
      1336 3.4737e+05 1.4886e+06     6493.6     0.022159634    0.0095572096     -0.77867561     0.043302421      -2.1413284 
      1340 3.4626e+05 1.4838e+06     6478.7     0.022202576    0.0095458335       -0.775103      0.04288891      -2.1321445 
      1344 3.4522e+05 1.4793e+06     6464.5     0.022256557    0.0095235492     -0.77070388      0.04237515       -2.121231 
      1348 3.4424e+05  1.475e+06     6450.8     0.022312409    0.0094969496     -0.76597653     0.041782928      -2.1094612 
      1352 3.4328e+05 1.4708e+06     6437.4     0.022359941     0.009467709     -0.76132008     0.041151335      -2.0976183 
      1356 3.4235e+05 1.4668e+06     6424.4     0.022410666    0.0094409017     -0.75869356     0.040578013      -2.0913999 
      1360 3.4142e+05 1.4627e+06     6411.5     0.022469002    0.0094150217     -0.75569586     0.039619505      -2.0850742 
      1364 3.4048e+05 1.4585e+06     6398.7      0.02252154    0.0093919144     -0.75537428     0.039188132        -2.08486 
      1368 3.3953e+05 1.4544e+06       6386     0.022577541    0.0093669586     -0.75821827     0.039198965      -2.0913859 
      1372 3.3858e+05 1.4501e+06     6373.4     0.022639775    0.0093354802     -0.76342224     0.039714614      -2.1017194 
      1376 3.3762e+05 1.4459e+06     6360.8     0.022684414    0.0093027438     -0.77042644     0.040546494      -2.1159398 
      1380 3.3666e+05 1.4416e+06     6348.3     0.022715682    0.0092698201     -0.77897081     0.041252976      -2.1351224 
      1384 3.3569e+05 1.4373e+06     6335.9     0.022730162    0.0092295631     -0.78967714     0.041913737      -2.1611807 
      1388 3.3473e+05 1.4329e+06     6323.5     0.022732556     0.009190617     -0.80164426     0.042584286      -2.1910859 
      1392 3.3375e+05 1.4286e+06     6311.2      0.02272561    0.0091487716      -0.8138191     0.043189794      -2.2223943 
      1396 3.3277e+05 1.4241e+06     6298.9      0.02272096    0.0090970708     -0.82403239     0.043824159      -2.2482544 
      1400 3.3175e+05 1.4195e+06     6286.4     0.022727237    0.0090530373     -0.82938893     0.044344967        -2.26113 
      1404 3.3072e+05 1.4148e+06       6274     0.022735646    0.0090167325     -0.82999249     0.044621564      -2.2615065 
